0 info it worked if it ends with ok
1 verbose cli [ 'C:\\Program Files\\nodejs\\node.exe',
1 verbose cli   'C:\\Program Files\\nodejs\\node_modules\\npm\\bin\\npm-cli.js',
1 verbose cli   'install',
1 verbose cli   'ObjectID',
1 verbose cli   '--save' ]
2 info using npm@2.15.9
3 info using node@v4.5.0
4 verbose install initial load of C:\Users\SeungWookLee\Documents\Speech_Banana\sbkorean-web\package.json
5 warn package.json speechbanana_web_korean@1.0.0 No repository field.
6 verbose installManyTop reading scoped package data from C:\Users\SeungWookLee\Documents\Speech_Banana\sbkorean-web\node_modules\assert\package.json
7 verbose installManyTop reading scoped package data from C:\Users\SeungWookLee\Documents\Speech_Banana\sbkorean-web\node_modules\body-parser\package.json
8 verbose installManyTop reading scoped package data from C:\Users\SeungWookLee\Documents\Speech_Banana\sbkorean-web\node_modules\child-process\package.json
9 verbose installManyTop reading scoped package data from C:\Users\SeungWookLee\Documents\Speech_Banana\sbkorean-web\node_modules\express\package.json
10 verbose installManyTop reading scoped package data from C:\Users\SeungWookLee\Documents\Speech_Banana\sbkorean-web\node_modules\fs\package.json
11 verbose installManyTop reading scoped package data from C:\Users\SeungWookLee\Documents\Speech_Banana\sbkorean-web\node_modules\jsonfile\package.json
12 verbose installManyTop reading scoped package data from C:\Users\SeungWookLee\Documents\Speech_Banana\sbkorean-web\node_modules\mongodb\package.json
13 verbose installManyTop reading scoped package data from C:\Users\SeungWookLee\Documents\Speech_Banana\sbkorean-web\node_modules\object-assign\package.json
14 verbose installManyTop reading scoped package data from C:\Users\SeungWookLee\Documents\Speech_Banana\sbkorean-web\node_modules\optimist\package.json
15 info package.json optimist@0.6.1 license should be a valid SPDX license expression
16 info package.json fs@0.0.1-security fs is also the name of a node core module.
17 info package.json assert@1.4.1 assert is also the name of a node core module.
18 verbose readDependencies loading dependencies from C:\Users\SeungWookLee\Documents\Speech_Banana\sbkorean-web\package.json
19 silly cache add args [ 'ObjectID', null ]
20 verbose cache add spec ObjectID
21 silly cache add parsed spec Result {
21 silly cache add   raw: 'ObjectID',
21 silly cache add   scope: null,
21 silly cache add   name: 'ObjectID',
21 silly cache add   rawSpec: '',
21 silly cache add   spec: 'latest',
21 silly cache add   type: 'tag' }
22 silly addNamed ObjectID@latest
23 verbose addNamed "latest" is being treated as a dist-tag for ObjectID
24 info addNameTag [ 'ObjectID', 'latest' ]
25 silly mapToRegistry name ObjectID
26 silly mapToRegistry using default registry
27 silly mapToRegistry registry https://registry.npmjs.org/
28 silly mapToRegistry data Result {
28 silly mapToRegistry   raw: 'ObjectID',
28 silly mapToRegistry   scope: null,
28 silly mapToRegistry   name: 'ObjectID',
28 silly mapToRegistry   rawSpec: '',
28 silly mapToRegistry   spec: 'latest',
28 silly mapToRegistry   type: 'tag' }
29 silly mapToRegistry uri https://registry.npmjs.org/ObjectID
30 verbose addNameTag registry:https://registry.npmjs.org/ObjectID not in flight; fetching
31 verbose request uri https://registry.npmjs.org/ObjectID
32 verbose request no auth needed
33 info attempt registry request try #1 at 00:14:31
34 verbose request id 28d59612b8eed3d6
35 http request GET https://registry.npmjs.org/ObjectID
36 http 404 https://registry.npmjs.org/ObjectID
37 verbose headers { 'content-type': 'application/json',
37 verbose headers   'cache-control': 'max-age=0',
37 verbose headers   'content-length': '2',
37 verbose headers   'accept-ranges': 'bytes',
37 verbose headers   date: 'Tue, 07 Feb 2017 05:14:34 GMT',
37 verbose headers   via: '1.1 varnish',
37 verbose headers   age: '0',
37 verbose headers   connection: 'keep-alive',
37 verbose headers   'x-served-by': 'cache-iad2627-IAD',
37 verbose headers   'x-cache': 'MISS',
37 verbose headers   'x-cache-hits': '0',
37 verbose headers   'x-timer': 'S1486444474.510539,VS0,VE351',
37 verbose headers   vary: 'Accept-Encoding' }
38 silly get cb [ 404,
38 silly get   { 'content-type': 'application/json',
38 silly get     'cache-control': 'max-age=0',
38 silly get     'content-length': '2',
38 silly get     'accept-ranges': 'bytes',
38 silly get     date: 'Tue, 07 Feb 2017 05:14:34 GMT',
38 silly get     via: '1.1 varnish',
38 silly get     age: '0',
38 silly get     connection: 'keep-alive',
38 silly get     'x-served-by': 'cache-iad2627-IAD',
38 silly get     'x-cache': 'MISS',
38 silly get     'x-cache-hits': '0',
38 silly get     'x-timer': 'S1486444474.510539,VS0,VE351',
38 silly get     vary: 'Accept-Encoding' } ]
39 verbose stack Error: Registry returned 404 for GET on https://registry.npmjs.org/ObjectID
39 verbose stack     at makeError (C:\Program Files\nodejs\node_modules\npm\node_modules\npm-registry-client\lib\request.js:264:12)
39 verbose stack     at CachingRegistryClient.<anonymous> (C:\Program Files\nodejs\node_modules\npm\node_modules\npm-registry-client\lib\request.js:242:14)
39 verbose stack     at Request._callback (C:\Program Files\nodejs\node_modules\npm\node_modules\npm-registry-client\lib\request.js:172:14)
39 verbose stack     at Request.self.callback (C:\Program Files\nodejs\node_modules\npm\node_modules\request\request.js:200:22)
39 verbose stack     at emitTwo (events.js:87:13)
39 verbose stack     at Request.emit (events.js:172:7)
39 verbose stack     at Request.<anonymous> (C:\Program Files\nodejs\node_modules\npm\node_modules\request\request.js:1067:10)
39 verbose stack     at emitOne (events.js:82:20)
39 verbose stack     at Request.emit (events.js:169:7)
39 verbose stack     at IncomingMessage.<anonymous> (C:\Program Files\nodejs\node_modules\npm\node_modules\request\request.js:988:12)
40 verbose statusCode 404
41 verbose pkgid ObjectID
42 verbose cwd C:\Users\SeungWookLee\Documents\Speech_Banana\sbkorean-web
43 error Windows_NT 6.3.9600
44 error argv "C:\\Program Files\\nodejs\\node.exe" "C:\\Program Files\\nodejs\\node_modules\\npm\\bin\\npm-cli.js" "install" "ObjectID" "--save"
45 error node v4.5.0
46 error npm  v2.15.9
47 error code E404
48 error 404 Registry returned 404 for GET on https://registry.npmjs.org/ObjectID
48 error 404
48 error 404 'ObjectID' is not in the npm registry.
48 error 404 Your package name is not valid, because
48 error 404
48 error 404  1. name can no longer contain capital letters
48 error 404 It was specified as a dependency of 'speechbanana_web_korean'
48 error 404
48 error 404 Note that you can also install from a
48 error 404 tarball, folder, http url, or git url.
49 verbose exit [ 1, true ]
